CRITICAL - 2024-03-29 03:08:06 --> Undefined property: CodeIgniter\View\View::$endSection
in APPPATH\Views\home.php on line 21.
 1 APPPATH\Views\home.php(21): CodeIgniter\Debug\Exceptions->errorHandler(2, 'Undefined property: CodeIgniter\\View\\View::$endSection', 'C:\\laragon\\www\\projeto_01\\app\\Views\\home.php', 21)
 2 SYSTEMPATH\View\View.php(226): include('C:\\laragon\\www\\projeto_01\\app\\Views\\home.php')
 3 SYSTEMPATH\View\View.php(229): CodeIgniter\View\View->CodeIgniter\View\{closure}()
 4 SYSTEMPATH\Common.php(1188): CodeIgniter\View\View->render('home', [], true)
 5 APPPATH\Controllers\Main.php(11): view('home')
 6 SYSTEMPATH\CodeIgniter.php(919): App\Controllers\Main->index()
 7 SYSTEMPATH\CodeIgniter.php(494): CodeIgniter\CodeIgniter->runController(Object(App\Controllers\Main))
 8 SYSTEMPATH\CodeIgniter.php(353): CodeIgniter\CodeIgniter->handleRequest(null, Object(Config\Cache), false)
 9 FCPATH\index.php(79): CodeIgniter\CodeIgniter->run()
CRITICAL - 2024-03-29 03:08:36 --> Invalid file: "layouts/nav.php"
in SYSTEMPATH\Exceptions\FrameworkException.php on line 39.
 1 SYSTEMPATH\View\View.php(214): CodeIgniter\Exceptions\FrameworkException::forInvalidFile('layouts/nav.php')
 2 SYSTEMPATH\View\View.php(467): CodeIgniter\View\View->render('layouts/nav', null, true)
 3 APPPATH\Views\layout\default_layout.php(13): CodeIgniter\View\View->include('layouts/nav')
 4 SYSTEMPATH\View\View.php(226): include('C:\\laragon\\www\\projeto_01\\app\\Views\\layout\\default_layout.php')
 5 SYSTEMPATH\View\View.php(229): CodeIgniter\View\View->CodeIgniter\View\{closure}()
 6 SYSTEMPATH\View\View.php(242): CodeIgniter\View\View->render('layout/default_layout', [], true)
 7 SYSTEMPATH\Common.php(1188): CodeIgniter\View\View->render('home', [], true)
 8 APPPATH\Controllers\Main.php(11): view('home')
 9 SYSTEMPATH\CodeIgniter.php(919): App\Controllers\Main->index()
10 SYSTEMPATH\CodeIgniter.php(494): CodeIgniter\CodeIgniter->runController(Object(App\Controllers\Main))
11 SYSTEMPATH\CodeIgniter.php(353): CodeIgniter\CodeIgniter->handleRequest(null, Object(Config\Cache), false)
12 FCPATH\index.php(79): CodeIgniter\CodeIgniter->run()
CRITICAL - 2024-03-29 03:08:37 --> Invalid file: "layouts/nav.php"
in SYSTEMPATH\Exceptions\FrameworkException.php on line 39.
 1 SYSTEMPATH\View\View.php(214): CodeIgniter\Exceptions\FrameworkException::forInvalidFile('layouts/nav.php')
 2 SYSTEMPATH\View\View.php(467): CodeIgniter\View\View->render('layouts/nav', null, true)
 3 APPPATH\Views\layout\default_layout.php(13): CodeIgniter\View\View->include('layouts/nav')
 4 SYSTEMPATH\View\View.php(226): include('C:\\laragon\\www\\projeto_01\\app\\Views\\layout\\default_layout.php')
 5 SYSTEMPATH\View\View.php(229): CodeIgniter\View\View->CodeIgniter\View\{closure}()
 6 SYSTEMPATH\View\View.php(242): CodeIgniter\View\View->render('layout/default_layout', [], true)
 7 SYSTEMPATH\Common.php(1188): CodeIgniter\View\View->render('home', [], true)
 8 APPPATH\Controllers\Main.php(11): view('home')
 9 SYSTEMPATH\CodeIgniter.php(919): App\Controllers\Main->index()
10 SYSTEMPATH\CodeIgniter.php(494): CodeIgniter\CodeIgniter->runController(Object(App\Controllers\Main))
11 SYSTEMPATH\CodeIgniter.php(353): CodeIgniter\CodeIgniter->handleRequest(null, Object(Config\Cache), false)
12 FCPATH\index.php(79): CodeIgniter\CodeIgniter->run()
